<?xml version="1.0" encoding="UTF-8"?>
<testng-results total="0" passed="0" failed="0" skipped="0">
  <reporter-output>
  </reporter-output>
  <suite started-at="2019-02-04T02:48:25Z" name="com.jcastro.travel.AppTest" finished-at="2019-02-04T02:48:25Z" duration-ms="4">
    <groups>
    </groups>
    <test started-at="2019-02-04T02:48:25Z" name="Command line test" finished-at="2019-02-04T02:48:25Z" duration-ms="4">
    </test> <!-- Command line test -->
  </suite> <!-- com.jcastro.travel.AppTest -->
</testng-results>
