<?xml version="1.0" encoding="UTF-8"?>
<testng-results total="1" passed="1" failed="0" skipped="0">
  <reporter-output>
  </reporter-output>
  <suite started-at="2019-02-04T12:23:57Z" name="My test suite" finished-at="2019-02-04T12:24:20Z" duration-ms="23130">
    <groups>
    </groups>
    <test started-at="2019-02-04T12:23:57Z" name="My first test" finished-at="2019-02-04T12:24:20Z" duration-ms="23130">
      <class name="com.jcastro.travel.test.TravelTest">
        <test-method is-config="true" signature="beforeSuite(java.lang.String, java.lang.String)[pri:0, instance:com.jcastro.travel.test.TravelTest@206a70ef]" started-at="2019-02-04T07:23:12Z" name="beforeSuite" finished-at="2019-02-04T07:23:57Z" duration-ms="44801" status="PASS">
          <params>
            <param index="0">
              <value>
                <![CDATA[firefox]]>
              </value>
            </param>
            <param index="1">
              <value>
                <![CDATA[https://www.travelocity.com/]]>
              </value>
            </param>
          </params>
          <reporter-output>
          </reporter-output>
        </test-method> <!-- beforeSuite -->
        <test-method is-config="true" signature="loadPage(java.lang.String)[pri:0, instance:com.jcastro.travel.test.TravelTest@206a70ef]" started-at="2019-02-04T07:23:57Z" name="loadPage" finished-at="2019-02-04T07:24:13Z" duration-ms="16258" status="PASS">
          <params>
            <param index="0">
              <value>
                <![CDATA[https://www.travelocity.com/]]>
              </value>
            </param>
          </params>
          <reporter-output>
          </reporter-output>
        </test-method> <!-- loadPage -->
        <test-method signature="Search()[pri:0, instance:com.jcastro.travel.test.TravelTest@206a70ef]" started-at="2019-02-04T07:24:13Z" name="Search" finished-at="2019-02-04T07:24:20Z" duration-ms="6681" status="PASS">
          <reporter-output>
          </reporter-output>
        </test-method> <!-- Search -->
        <test-method is-config="true" signature="afterSuite()[pri:0, instance:com.jcastro.travel.test.TravelTest@206a70ef]" started-at="2019-02-04T07:24:20Z" name="afterSuite" finished-at="2019-02-04T07:24:24Z" duration-ms="3859" status="PASS">
          <reporter-output>
          </reporter-output>
        </test-method> <!-- afterSuite -->
      </class> <!-- com.jcastro.travel.test.TravelTest -->
    </test> <!-- My first test -->
  </suite> <!-- My test suite -->
</testng-results>
